 _________________________________________________
 
 KRAKENC-SWELLEX96_SIM                                                          
  
 Nominal Frequency =   201.0    Hz
 NMedia    =   3

 
     C-Linear approximation to SSP
     Attenuation units: dB/mkHz


   z (m)     alphaR (m/s)   betaR  rho (g/cm^3)  alphaI     betaI

     VACUUM

       ( # mesh points =     0  RMS roughness =   0.00     m )
      0.00      1522.02      0.00     1.00       0.0000    0.0000
      0.50      1522.02      0.00     1.00       0.0000    0.0000
      1.00      1521.98      0.00     1.00       0.0000    0.0000
      1.50      1521.89      0.00     1.00       0.0000    0.0000
      2.00      1521.78      0.00     1.00       0.0000    0.0000
      2.50      1521.66      0.00     1.00       0.0000    0.0000
      3.00      1521.47      0.00     1.00       0.0000    0.0000
      3.50      1521.27      0.00     1.00       0.0000    0.0000
      4.00      1521.00      0.00     1.00       0.0000    0.0000
      4.50      1520.63      0.00     1.00       0.0000    0.0000
      5.00      1520.27      0.00     1.00       0.0000    0.0000
      5.50      1519.75      0.00     1.00       0.0000    0.0000
      6.00      1519.15      0.00     1.00       0.0000    0.0000
      6.50      1518.54      0.00     1.00       0.0000    0.0000
      7.00      1517.86      0.00     1.00       0.0000    0.0000
      7.50      1517.10      0.00     1.00       0.0000    0.0000
      8.00      1516.34      0.00     1.00       0.0000    0.0000
      8.50      1515.57      0.00     1.00       0.0000    0.0000
      9.00      1514.71      0.00     1.00       0.0000    0.0000
      9.50      1513.85      0.00     1.00       0.0000    0.0000
     10.00      1513.00      0.00     1.00       0.0000    0.0000
     10.50      1512.09      0.00     1.00       0.0000    0.0000
     11.00      1511.16      0.00     1.00       0.0000    0.0000
     11.50      1510.23      0.00     1.00       0.0000    0.0000
     12.00      1509.30      0.00     1.00       0.0000    0.0000
     12.50      1508.72      0.00     1.00       0.0000    0.0000
     13.00      1508.14      0.00     1.00       0.0000    0.0000
     13.50      1507.56      0.00     1.00       0.0000    0.0000
     14.00      1506.96      0.00     1.00       0.0000    0.0000
     14.50      1506.36      0.00     1.00       0.0000    0.0000
     15.00      1505.75      0.00     1.00       0.0000    0.0000
     15.50      1505.14      0.00     1.00       0.0000    0.0000
     16.00      1504.56      0.00     1.00       0.0000    0.0000
     16.50      1503.99      0.00     1.00       0.0000    0.0000
     17.00      1503.42      0.00     1.00       0.0000    0.0000
     17.50      1502.85      0.00     1.00       0.0000    0.0000
     18.00      1502.33      0.00     1.00       0.0000    0.0000
     18.50      1501.81      0.00     1.00       0.0000    0.0000
     19.00      1501.29      0.00     1.00       0.0000    0.0000
     19.50      1500.84      0.00     1.00       0.0000    0.0000
     20.00      1500.57      0.00     1.00       0.0000    0.0000
     20.50      1500.29      0.00     1.00       0.0000    0.0000
     21.00      1500.01      0.00     1.00       0.0000    0.0000
     21.50      1499.78      0.00     1.00       0.0000    0.0000
     22.00      1499.58      0.00     1.00       0.0000    0.0000
     22.50      1499.39      0.00     1.00       0.0000    0.0000
     23.00      1499.19      0.00     1.00       0.0000    0.0000
     23.50      1499.03      0.00     1.00       0.0000    0.0000
     24.00      1498.87      0.00     1.00       0.0000    0.0000
     24.50      1498.71      0.00     1.00       0.0000    0.0000
     25.00      1498.56      0.00     1.00       0.0000    0.0000
     25.50      1498.42      0.00     1.00       0.0000    0.0000
     26.00      1498.29      0.00     1.00       0.0000    0.0000
     26.50      1498.16      0.00     1.00       0.0000    0.0000
     27.00      1498.01      0.00     1.00       0.0000    0.0000
     27.50      1497.85      0.00     1.00       0.0000    0.0000
     28.00      1497.68      0.00     1.00       0.0000    0.0000
     28.50      1497.51      0.00     1.00       0.0000    0.0000
     29.00      1497.31      0.00     1.00       0.0000    0.0000
     29.50      1497.07      0.00     1.00       0.0000    0.0000
     30.00      1496.83      0.00     1.00       0.0000    0.0000
     30.50      1496.59      0.00     1.00       0.0000    0.0000
     31.00      1496.40      0.00     1.00       0.0000    0.0000
     31.50      1496.23      0.00     1.00       0.0000    0.0000
     32.00      1496.07      0.00     1.00       0.0000    0.0000
     32.50      1495.91      0.00     1.00       0.0000    0.0000
     33.00      1495.74      0.00     1.00       0.0000    0.0000
     33.50      1495.57      0.00     1.00       0.0000    0.0000
     34.00      1495.39      0.00     1.00       0.0000    0.0000
     34.50      1495.22      0.00     1.00       0.0000    0.0000
     35.00      1495.08      0.00     1.00       0.0000    0.0000
     35.50      1494.95      0.00     1.00       0.0000    0.0000
     36.00      1494.81      0.00     1.00       0.0000    0.0000
     36.50      1494.68      0.00     1.00       0.0000    0.0000
     37.00      1494.56      0.00     1.00       0.0000    0.0000
     37.50      1494.43      0.00     1.00       0.0000    0.0000
     38.00      1494.31      0.00     1.00       0.0000    0.0000
     38.50      1494.21      0.00     1.00       0.0000    0.0000
     39.00      1494.12      0.00     1.00       0.0000    0.0000
     39.50      1494.03      0.00     1.00       0.0000    0.0000
     40.00      1493.93      0.00     1.00       0.0000    0.0000
     40.50      1493.84      0.00     1.00       0.0000    0.0000
     41.00      1493.75      0.00     1.00       0.0000    0.0000
     41.50      1493.66      0.00     1.00       0.0000    0.0000
     42.00      1493.56      0.00     1.00       0.0000    0.0000
     42.50      1493.46      0.00     1.00       0.0000    0.0000
     43.00      1493.36      0.00     1.00       0.0000    0.0000
     43.50      1493.26      0.00     1.00       0.0000    0.0000
     44.00      1493.14      0.00     1.00       0.0000    0.0000
     44.50      1493.02      0.00     1.00       0.0000    0.0000
     45.00      1492.89      0.00     1.00       0.0000    0.0000
     45.50      1492.79      0.00     1.00       0.0000    0.0000
     46.00      1492.69      0.00     1.00       0.0000    0.0000
     46.50      1492.59      0.00     1.00       0.0000    0.0000
     47.00      1492.49      0.00     1.00       0.0000    0.0000
     47.50      1492.39      0.00     1.00       0.0000    0.0000
     48.00      1492.29      0.00     1.00       0.0000    0.0000
     48.50      1492.19      0.00     1.00       0.0000    0.0000
     49.00      1492.09      0.00     1.00       0.0000    0.0000
     49.50      1492.00      0.00     1.00       0.0000    0.0000
     50.00      1491.91      0.00     1.00       0.0000    0.0000
     50.50      1491.82      0.00     1.00       0.0000    0.0000
     51.00      1491.74      0.00     1.00       0.0000    0.0000
     51.50      1491.65      0.00     1.00       0.0000    0.0000
     52.00      1491.57      0.00     1.00       0.0000    0.0000
     52.50      1491.52      0.00     1.00       0.0000    0.0000
     53.00      1491.47      0.00     1.00       0.0000    0.0000
     53.50      1491.42      0.00     1.00       0.0000    0.0000
     54.00      1491.37      0.00     1.00       0.0000    0.0000
     54.50      1491.33      0.00     1.00       0.0000    0.0000
     55.00      1491.29      0.00     1.00       0.0000    0.0000
     55.50      1491.24      0.00     1.00       0.0000    0.0000
     56.00      1491.20      0.00     1.00       0.0000    0.0000
     56.50      1491.16      0.00     1.00       0.0000    0.0000
     57.00      1491.12      0.00     1.00       0.0000    0.0000
     57.50      1491.06      0.00     1.00       0.0000    0.0000
     58.00      1491.00      0.00     1.00       0.0000    0.0000
     58.50      1490.94      0.00     1.00       0.0000    0.0000
     59.00      1490.88      0.00     1.00       0.0000    0.0000
     59.50      1490.81      0.00     1.00       0.0000    0.0000
     60.00      1490.74      0.00     1.00       0.0000    0.0000
     60.50      1490.67      0.00     1.00       0.0000    0.0000
     61.00      1490.62      0.00     1.00       0.0000    0.0000
     61.50      1490.56      0.00     1.00       0.0000    0.0000
     62.00      1490.51      0.00     1.00       0.0000    0.0000
     62.50      1490.47      0.00     1.00       0.0000    0.0000
     63.00      1490.43      0.00     1.00       0.0000    0.0000
     63.50      1490.40      0.00     1.00       0.0000    0.0000
     64.00      1490.35      0.00     1.00       0.0000    0.0000
     64.50      1490.30      0.00     1.00       0.0000    0.0000
     65.00      1490.25      0.00     1.00       0.0000    0.0000
     65.50      1490.21      0.00     1.00       0.0000    0.0000
     66.00      1490.18      0.00     1.00       0.0000    0.0000
     66.50      1490.15      0.00     1.00       0.0000    0.0000
     67.00      1490.12      0.00     1.00       0.0000    0.0000
     67.50      1490.10      0.00     1.00       0.0000    0.0000
     68.00      1490.07      0.00     1.00       0.0000    0.0000
     68.50      1490.04      0.00     1.00       0.0000    0.0000
     69.00      1490.00      0.00     1.00       0.0000    0.0000
     69.50      1489.96      0.00     1.00       0.0000    0.0000
     70.00      1489.93      0.00     1.00       0.0000    0.0000
     70.50      1489.89      0.00     1.00       0.0000    0.0000
     71.00      1489.85      0.00     1.00       0.0000    0.0000
     71.50      1489.81      0.00     1.00       0.0000    0.0000
     72.00      1489.77      0.00     1.00       0.0000    0.0000
     72.50      1489.75      0.00     1.00       0.0000    0.0000
     73.00      1489.72      0.00     1.00       0.0000    0.0000
     73.50      1489.69      0.00     1.00       0.0000    0.0000
     74.00      1489.66      0.00     1.00       0.0000    0.0000
     74.50      1489.62      0.00     1.00       0.0000    0.0000
     75.00      1489.59      0.00     1.00       0.0000    0.0000
     75.50      1489.54      0.00     1.00       0.0000    0.0000
     76.00      1489.50      0.00     1.00       0.0000    0.0000
     76.50      1489.45      0.00     1.00       0.0000    0.0000
     77.00      1489.41      0.00     1.00       0.0000    0.0000
     77.50      1489.37      0.00     1.00       0.0000    0.0000
     78.00      1489.33      0.00     1.00       0.0000    0.0000
     78.50      1489.28      0.00     1.00       0.0000    0.0000
     79.00      1489.23      0.00     1.00       0.0000    0.0000
     79.50      1489.18      0.00     1.00       0.0000    0.0000
     80.00      1489.13      0.00     1.00       0.0000    0.0000
     80.50      1489.08      0.00     1.00       0.0000    0.0000
     81.00      1489.03      0.00     1.00       0.0000    0.0000
     81.50      1488.98      0.00     1.00       0.0000    0.0000
     82.00      1488.96      0.00     1.00       0.0000    0.0000
     82.50      1488.93      0.00     1.00       0.0000    0.0000
     83.00      1488.90      0.00     1.00       0.0000    0.0000
     83.50      1488.89      0.00     1.00       0.0000    0.0000
     84.00      1488.88      0.00     1.00       0.0000    0.0000
     84.50      1488.87      0.00     1.00       0.0000    0.0000
     85.00      1488.85      0.00     1.00       0.0000    0.0000
     85.50      1488.83      0.00     1.00       0.0000    0.0000
     86.00      1488.81      0.00     1.00       0.0000    0.0000
     86.50      1488.78      0.00     1.00       0.0000    0.0000
     87.00      1488.74      0.00     1.00       0.0000    0.0000
     87.50      1488.71      0.00     1.00       0.0000    0.0000
     88.00      1488.67      0.00     1.00       0.0000    0.0000
     88.50      1488.63      0.00     1.00       0.0000    0.0000
     89.00      1488.58      0.00     1.00       0.0000    0.0000
     89.50      1488.53      0.00     1.00       0.0000    0.0000
     90.00      1488.48      0.00     1.00       0.0000    0.0000
     90.50      1488.43      0.00     1.00       0.0000    0.0000
     91.00      1488.39      0.00     1.00       0.0000    0.0000
     91.50      1488.35      0.00     1.00       0.0000    0.0000
     92.00      1488.32      0.00     1.00       0.0000    0.0000
     92.50      1488.28      0.00     1.00       0.0000    0.0000
     93.00      1488.23      0.00     1.00       0.0000    0.0000
     93.50      1488.18      0.00     1.00       0.0000    0.0000
     94.00      1488.13      0.00     1.00       0.0000    0.0000
     94.50      1488.09      0.00     1.00       0.0000    0.0000
     95.00      1488.05      0.00     1.00       0.0000    0.0000
     95.50      1488.00      0.00     1.00       0.0000    0.0000
     96.00      1487.96      0.00     1.00       0.0000    0.0000
     96.50      1487.92      0.00     1.00       0.0000    0.0000
     97.00      1487.88      0.00     1.00       0.0000    0.0000
     97.50      1487.84      0.00     1.00       0.0000    0.0000
     98.00      1487.80      0.00     1.00       0.0000    0.0000
     98.50      1487.77      0.00     1.00       0.0000    0.0000
     99.00      1487.77      0.00     1.00       0.0000    0.0000
     99.50      1487.76      0.00     1.00       0.0000    0.0000
    100.00      1487.75      0.00     1.00       0.0000    0.0000
    100.50      1487.74      0.00     1.00       0.0000    0.0000
    101.00      1487.74      0.00     1.00       0.0000    0.0000
    101.50      1487.74      0.00     1.00       0.0000    0.0000
    102.00      1487.73      0.00     1.00       0.0000    0.0000
    102.50      1487.72      0.00     1.00       0.0000    0.0000
    103.00      1487.72      0.00     1.00       0.0000    0.0000
    103.50      1487.73      0.00     1.00       0.0000    0.0000
    104.00      1487.75      0.00     1.00       0.0000    0.0000
    104.50      1487.77      0.00     1.00       0.0000    0.0000
    105.00      1487.82      0.00     1.00       0.0000    0.0000
    105.50      1487.86      0.00     1.00       0.0000    0.0000
    106.00      1487.92      0.00     1.00       0.0000    0.0000
    106.50      1488.02      0.00     1.00       0.0000    0.0000
    107.00      1488.12      0.00     1.00       0.0000    0.0000
    107.50      1488.21      0.00     1.00       0.0000    0.0000
    108.00      1488.29      0.00     1.00       0.0000    0.0000
    108.50      1488.37      0.00     1.00       0.0000    0.0000
    109.00      1488.45      0.00     1.00       0.0000    0.0000
    109.50      1488.51      0.00     1.00       0.0000    0.0000
    110.00      1488.58      0.00     1.00       0.0000    0.0000
    110.50      1488.64      0.00     1.00       0.0000    0.0000
    111.00      1488.68      0.00     1.00       0.0000    0.0000
    111.50      1488.73      0.00     1.00       0.0000    0.0000
    112.00      1488.77      0.00     1.00       0.0000    0.0000
    112.50      1488.80      0.00     1.00       0.0000    0.0000
    113.00      1488.83      0.00     1.00       0.0000    0.0000
    113.50      1488.86      0.00     1.00       0.0000    0.0000
    114.00      1488.88      0.00     1.00       0.0000    0.0000
    114.50      1488.91      0.00     1.00       0.0000    0.0000
    115.00      1488.94      0.00     1.00       0.0000    0.0000
    115.50      1488.96      0.00     1.00       0.0000    0.0000
    116.00      1488.99      0.00     1.00       0.0000    0.0000
    116.50      1489.01      0.00     1.00       0.0000    0.0000
    117.00      1489.02      0.00     1.00       0.0000    0.0000
    117.50      1489.03      0.00     1.00       0.0000    0.0000
    118.00      1489.04      0.00     1.00       0.0000    0.0000
    118.50      1489.04      0.00     1.00       0.0000    0.0000
    119.00      1489.05      0.00     1.00       0.0000    0.0000
    119.50      1489.04      0.00     1.00       0.0000    0.0000
    120.00      1489.04      0.00     1.00       0.0000    0.0000
    120.50      1489.03      0.00     1.00       0.0000    0.0000
    121.00      1489.01      0.00     1.00       0.0000    0.0000
    121.50      1489.00      0.00     1.00       0.0000    0.0000
    122.00      1488.99      0.00     1.00       0.0000    0.0000
    122.50      1488.98      0.00     1.00       0.0000    0.0000
    123.00      1488.98      0.00     1.00       0.0000    0.0000
    123.50      1488.97      0.00     1.00       0.0000    0.0000
    124.00      1488.97      0.00     1.00       0.0000    0.0000
    124.50      1488.97      0.00     1.00       0.0000    0.0000
    125.00      1488.97      0.00     1.00       0.0000    0.0000
    125.50      1488.98      0.00     1.00       0.0000    0.0000
    126.00      1488.98      0.00     1.00       0.0000    0.0000
    126.50      1488.99      0.00     1.00       0.0000    0.0000
    127.00      1488.99      0.00     1.00       0.0000    0.0000
    127.50      1489.00      0.00     1.00       0.0000    0.0000
    128.00      1489.01      0.00     1.00       0.0000    0.0000
    128.50      1489.02      0.00     1.00       0.0000    0.0000
    129.00      1489.03      0.00     1.00       0.0000    0.0000
    129.50      1489.03      0.00     1.00       0.0000    0.0000
    130.00      1489.03      0.00     1.00       0.0000    0.0000
    130.50      1489.03      0.00     1.00       0.0000    0.0000
    131.00      1489.03      0.00     1.00       0.0000    0.0000
    131.50      1489.02      0.00     1.00       0.0000    0.0000
    132.00      1489.02      0.00     1.00       0.0000    0.0000
    132.50      1489.02      0.00     1.00       0.0000    0.0000
    133.00      1489.02      0.00     1.00       0.0000    0.0000
    133.50      1489.02      0.00     1.00       0.0000    0.0000
    134.00      1489.02      0.00     1.00       0.0000    0.0000
    134.50      1489.02      0.00     1.00       0.0000    0.0000
    135.00      1489.01      0.00     1.00       0.0000    0.0000
    135.50      1489.02      0.00     1.00       0.0000    0.0000
    136.00      1489.02      0.00     1.00       0.0000    0.0000
    136.50      1489.02      0.00     1.00       0.0000    0.0000
    137.00      1489.02      0.00     1.00       0.0000    0.0000
    137.50      1489.02      0.00     1.00       0.0000    0.0000
    138.00      1489.02      0.00     1.00       0.0000    0.0000
    138.50      1489.02      0.00     1.00       0.0000    0.0000
    139.00      1489.02      0.00     1.00       0.0000    0.0000
    139.50      1489.00      0.00     1.00       0.0000    0.0000
    140.00      1488.97      0.00     1.00       0.0000    0.0000
    140.50      1488.94      0.00     1.00       0.0000    0.0000
    141.00      1488.90      0.00     1.00       0.0000    0.0000
    141.50      1488.85      0.00     1.00       0.0000    0.0000
    142.00      1488.80      0.00     1.00       0.0000    0.0000
    142.50      1488.73      0.00     1.00       0.0000    0.0000
    143.00      1488.66      0.00     1.00       0.0000    0.0000
    143.50      1488.58      0.00     1.00       0.0000    0.0000
    144.00      1488.47      0.00     1.00       0.0000    0.0000
    144.50      1488.36      0.00     1.00       0.0000    0.0000
    145.00      1488.26      0.00     1.00       0.0000    0.0000
    145.50      1488.16      0.00     1.00       0.0000    0.0000
    146.00      1488.07      0.00     1.00       0.0000    0.0000
    146.50      1488.05      0.00     1.00       0.0000    0.0000
    147.00      1488.08      0.00     1.00       0.0000    0.0000
    147.50      1488.10      0.00     1.00       0.0000    0.0000
    148.00      1488.15      0.00     1.00       0.0000    0.0000
    148.50      1488.21      0.00     1.00       0.0000    0.0000
    149.00      1488.27      0.00     1.00       0.0000    0.0000
    149.50      1488.32      0.00     1.00       0.0000    0.0000
    150.00      1488.38      0.00     1.00       0.0000    0.0000
    150.50      1488.44      0.00     1.00       0.0000    0.0000
    151.00      1488.49      0.00     1.00       0.0000    0.0000
    151.50      1488.55      0.00     1.00       0.0000    0.0000
    152.00      1488.57      0.00     1.00       0.0000    0.0000
    152.50      1488.57      0.00     1.00       0.0000    0.0000
    153.00      1488.56      0.00     1.00       0.0000    0.0000
    153.50      1488.53      0.00     1.00       0.0000    0.0000
    154.00      1488.50      0.00     1.00       0.0000    0.0000
    154.50      1488.47      0.00     1.00       0.0000    0.0000
    155.00      1488.45      0.00     1.00       0.0000    0.0000
    155.50      1488.42      0.00     1.00       0.0000    0.0000
    156.00      1488.39      0.00     1.00       0.0000    0.0000
    156.50      1488.35      0.00     1.00       0.0000    0.0000
    157.00      1488.31      0.00     1.00       0.0000    0.0000
    157.50      1488.26      0.00     1.00       0.0000    0.0000
    158.00      1488.20      0.00     1.00       0.0000    0.0000
    158.50      1488.15      0.00     1.00       0.0000    0.0000
    159.00      1488.09      0.00     1.00       0.0000    0.0000
    159.50      1488.03      0.00     1.00       0.0000    0.0000
    160.00      1487.97      0.00     1.00       0.0000    0.0000
    160.50      1487.93      0.00     1.00       0.0000    0.0000
    161.00      1487.89      0.00     1.00       0.0000    0.0000
    161.50      1487.86      0.00     1.00       0.0000    0.0000
    162.00      1487.84      0.00     1.00       0.0000    0.0000
    162.50      1487.82      0.00     1.00       0.0000    0.0000
    163.00      1487.83      0.00     1.00       0.0000    0.0000
    163.50      1487.84      0.00     1.00       0.0000    0.0000
    164.00      1487.87      0.00     1.00       0.0000    0.0000
    164.50      1487.91      0.00     1.00       0.0000    0.0000
    165.00      1487.96      0.00     1.00       0.0000    0.0000
    165.50      1487.99      0.00     1.00       0.0000    0.0000
    166.00      1488.03      0.00     1.00       0.0000    0.0000
    166.50      1488.06      0.00     1.00       0.0000    0.0000
    167.00      1488.09      0.00     1.00       0.0000    0.0000
    217.00      1488.09      0.00     1.00       0.0000    0.0000
        ( Number mesh points auto calc. =          586  )

       ( # mesh points =     0  RMS roughness =   0.00     m )
    217.00      1572.37      0.00     1.80       0.3000    0.0000
    240.00      1593.02      0.00     1.80       0.3000    0.0000
        ( Number mesh points auto calc. =           58  )

       ( # mesh points =     0  RMS roughness =   0.00     m )
    240.00      1881.00      0.00     2.10       0.0900    0.0000
   1040.00      3245.80      0.00     2.10       0.0900    0.0000
        ( Number mesh points auto calc. =          990  )
 
                              ( RMS roughness =   0.00     m )
     ACOUSTO-ELASTIC half-space
   1041.00      5200.00      0.00     2.70       0.0300    0.0000

 cLow =   0.0000     m/s      cHigh =   1600.0     m/s
 RMax =   10.000     km
 
 __________________________________________________________________________
 
 Number of Source   depths, Sz =            1
 Source   depths, Sz (m)
   199.000    
 
 
 __________________________________________________________________________
 
 Number of Receiver depths, Rz =           64
 Receiver depths, Rz (m)
   94.1250       96.0000       97.8750       99.7500       101.625    
   103.500       105.375       107.250       109.125       111.000    
          ... 
   212.250    
 
 
 Mesh multiplier   CPU seconds
 Max. number of restarts in root finder, MaxTries =            1
        1            0.643E-02s
 Max. number of restarts in root finder, MaxTries =            1
        2            0.852E-02s
 
    I    k (1/m)            alpha (1/m)   Phase Speed (m/s) Group Speed (m/s)
    1  0.8483010631     -0.2236214382E-05   1488.764192       1488.057591    
    2  0.8477796993     -0.3573452788E-05   1489.679746       1487.405343    
    3  0.8467449080     -0.9347583478E-05   1491.500256       1486.511003    
    4  0.8456595217     -0.1071865510E-04   1493.414565       1485.809866    
    5  0.8443377298     -0.1604844833E-04   1495.752472       1484.145667    
    6  0.8428057412     -0.1915700631E-04   1498.471338       1482.711913    
    7  0.8411149555     -0.2428226254E-04   1501.483523       1480.548889    
    8  0.8391981139     -0.2836886299E-04   1504.913114       1478.187188    
    9  0.8371033886     -0.3419145111E-04   1508.678933       1474.960935    
   10  0.8347411147     -0.3819841243E-04   1512.948415       1471.602855    
   11  0.8321643467     -0.4602478376E-04   1517.633208       1467.435468    
   12  0.8293630232     -0.5216830091E-04   1522.759288       1462.969384    
   13  0.8263048832     -0.5849259138E-04   1528.394994       1458.032375    
   14  0.8229856110     -0.6768073975E-04   1534.559329       1452.621186    
   15  0.8194508402     -0.7867066261E-04   1541.178781       1446.746918    
   16  0.8156678228     -0.8982066918E-04   1548.326673       1440.420354    
   17  0.8116057127     -0.1075556324E-03   1556.076093       1433.542832    
   18  0.8072941677     -0.1342090194E-03   1564.386685       1426.289923    
   19  0.8027155463     -0.1761409757E-03   1573.309814       1418.750222    
   20  0.7978554840     -0.2591262239E-03   1582.893484       1410.804942    
   21  0.7927019201     -0.4559807050E-03   1593.184291       1399.337219    
 _________________________________________________
 
 End of environmental file
